<?xml version="1.0" encoding="UTF-8"?>
<!-- Generated by org.testng.reporters.JUnitReportReporter -->
<testsuite hostname="DESKTOP-L8RV5BP" failures="0" tests="2" name="com.selenium.testcases.TestCases" time="60.757" errors="0" timestamp="2022-06-03T11:01:18 IST" skipped="0">
  <testcase classname="com.selenium.testcases.TestCases" name="BajajTestCase" time="23.853"/>
  <system-out/>
  <testcase classname="com.selenium.testcases.TestCases" name="AmazonTestCase" time="36.904"/>
  <system-out/>
</testsuite> <!-- com.selenium.testcases.TestCases -->
