<?xml version="1.0" encoding="UTF-8"?>
<!-- Generated by org.testng.reporters.JUnitReportReporter -->
<testsuite hostname="DESKTOP-L8RV5BP" failures="0" tests="2" name="BajajTestCase.TestCases" time="47.867" errors="0" timestamp="2022-05-27T09:50:48 IST" skipped="0">
  <testcase classname="BajajTestCase.TestCases" name="BajajTestCase" time="11.126"/>
  <system-out/>
  <testcase classname="BajajTestCase.TestCases" name="AmazonTestCase" time="36.741"/>
  <system-out/>
</testsuite> <!-- BajajTestCase.TestCases -->
